<?xml version="1.0" encoding="UTF-8"?>
<!-- Generated by org.testng.reporters.JUnitXMLReporter -->
<testsuite ignored="0" hostname="DESKTOP-4LFDKLF" failures="0" tests="12" name="cat category-firefoxTest" time="22.816" errors="0" timestamp="2020-11-07T10:22:43 IST">
  <testcase classname="testScenarios.FlightDetails" name="testcaseRexl" time="0.07"/>
  <testcase classname="testScenarios.FlightDetails" name="testcaseFrom" time="1.042"/>
  <testcase classname="testScenarios.FlightDetails" name="testcaseTo" time="2.137"/>
  <testcase classname="testScenarios.FlightDetails" name="testcaseDate" time="0.903"/>
  <testcase classname="testScenarios.FlightDetails" name="screenshotHome" time="0.627"/>
  <testcase classname="testScenarios.FlightDetails" name="testcaseSearch" time="0.667"/>
  <testcase classname="testScenarios.FlightDetails" name="testcasePriceSort" time="3.387"/>
  <testcase classname="testScenarios.FlightDetails" name="screenshotResult" time="0.281"/>
  <testcase classname="testScenarios.FlightDetails" name="testcaseFlight" time="0.325"/>
  <testcase classname="testScenarios.FlightDetails" name="testcasePrice" time="0.185"/>
  <testcase classname="testScenarios.FlightDetails" name="flightintoexcel" time="0.259"/>
  <testcase classname="testScenarios.FlightDetails" name="priceintoexcel" time="0.043"/>
</testsuite> <!-- cat category-firefoxTest -->
