<?xml version="1.0" encoding="UTF-8"?>
<!-- Generated by org.testng.reporters.JUnitXMLReporter -->
<testsuite ignored="0" hostname="DESKTOP-4LFDKLF" failures="0" tests="12" name="cat category-chromeTest" time="24.627" errors="0" timestamp="2020-11-07T10:22:21 IST">
  <testcase classname="testScenarios.FlightDetails" name="testcaseRexl" time="1.461"/>
  <testcase classname="testScenarios.FlightDetails" name="testcaseFrom" time="0.88"/>
  <testcase classname="testScenarios.FlightDetails" name="testcaseTo" time="0.871"/>
  <testcase classname="testScenarios.FlightDetails" name="testcaseDate" time="0.858"/>
  <testcase classname="testScenarios.FlightDetails" name="screenshotHome" time="1.156"/>
  <testcase classname="testScenarios.FlightDetails" name="testcaseSearch" time="0.335"/>
  <testcase classname="testScenarios.FlightDetails" name="testcasePriceSort" time="4.555"/>
  <testcase classname="testScenarios.FlightDetails" name="screenshotResult" time="0.559"/>
  <testcase classname="testScenarios.FlightDetails" name="testcaseFlight" time="0.319"/>
  <testcase classname="testScenarios.FlightDetails" name="testcasePrice" time="0.237"/>
  <testcase classname="testScenarios.FlightDetails" name="flightintoexcel" time="0.284"/>
  <testcase classname="testScenarios.FlightDetails" name="priceintoexcel" time="0.076"/>
</testsuite> <!-- cat category-chromeTest -->
